# JRE version: OpenJDK Runtime Environment (8.0_382-b05) (build 1.8.0_382-b05)
# Java VM: OpenJDK 64-Bit Server VM (25.382-b05 mixed mode bsd-amd64 compressed oops)
Heap:
 PSYoungGen      total 543744K, used 375680K [0x000000076ab00000, 0x000000078e600000, 0x00000007c0000000)
  eden space 537600K, 69% used [0x000000076ab00000,0x0000000781958200,0x000000078b800000)
  from space 6144K, 8% used [0x000000078e000000,0x000000078e088000,0x000000078e600000)
  to   space 23552K, 0% used [0x000000078b800000,0x000000078b800000,0x000000078cf00000)
 ParOldGen       total 108544K, used 18714K [0x00000006c0000000, 0x00000006c6a00000, 0x000000076ab00000)
  object space 108544K, 17% used [0x00000006c0000000,0x00000006c1246b80,0x00000006c6a00000)
 Metaspace       used 25428K, capacity 25841K, committed 25984K, reserved 1073152K
  class space    used 3009K, capacity 3137K, committed 3200K, reserved 1048576K
GC Heap History (10 events):
Event: 6.236 GC heap before
{Heap before GC invocations=5 (full 1):
 PSYoungGen      total 141824K, used 131072K [0x000000076ab00000, 0x000000077c000000, 0x00000007c0000000)
  eden space 131072K, 100% used [0x000000076ab00000,0x0000000772b00000,0x0000000772b00000)
  from space 10752K, 0% used [0x0000000772b00000,0x0000000772b00000,0x0000000773580000)
  to   space 10752K, 0% used [0x000000077b580000,0x000000077b580000,0x000000077c000000)
 ParOldGen       total 108544K, used 17482K [0x00000006c0000000, 0x00000006c6a00000, 0x000000076ab00000)
  object space 108544K, 16% used [0x00000006c0000000,0x00000006c1112b88,0x00000006c6a00000)
 Metaspace       used 25018K, capacity 25387K, committed 25728K, reserved 1071104K
  class space    used 2982K, capacity 3088K, committed 3200K, reserved 1048576K
Event: 6.242 GC heap after
Heap after GC invocations=5 (full 1):
 PSYoungGen      total 224768K, used 3327K [0x000000076ab00000, 0x000000077b900000, 0x00000007c0000000)
  eden space 221184K, 0% used [0x000000076ab00000,0x000000076ab00000,0x0000000778300000)
  from space 3584K, 92% used [0x000000077b580000,0x000000077b8bfdb8,0x000000077b900000)
  to   space 10752K, 0% used [0x000000077a400000,0x000000077a400000,0x000000077ae80000)
 ParOldGen       total 108544K, used 17490K [0x00000006c0000000, 0x00000006c6a00000, 0x000000076ab00000)
  object space 108544K, 16% used [0x00000006c0000000,0x00000006c1114b88,0x00000006c6a00000)
 Metaspace       used 25018K, capacity 25387K, committed 25728K, reserved 1071104K
  class space    used 2982K, capacity 3088K, committed 3200K, reserved 1048576K
}
Event: 7.874 GC heap before
{Heap before GC invocations=6 (full 1):
 PSYoungGen      total 224768K, used 224511K [0x000000076ab00000, 0x000000077b900000, 0x00000007c0000000)
  eden space 221184K, 100% used [0x000000076ab00000,0x0000000778300000,0x0000000778300000)
  from space 3584K, 92% used [0x000000077b580000,0x000000077b8bfdb8,0x000000077b900000)
  to   space 10752K, 0% used [0x000000077a400000,0x000000077a400000,0x000000077ae80000)
 ParOldGen       total 108544K, used 17490K [0x00000006c0000000, 0x00000006c6a00000, 0x000000076ab00000)
  object space 108544K, 16% used [0x00000006c0000000,0x00000006c1114b88,0x00000006c6a00000)
 Metaspace       used 25125K, capacity 25563K, committed 25728K, reserved 1071104K
  class space    used 2990K, capacity 3096K, committed 3200K, reserved 1048576K
Event: 7.880 GC heap after
Heap after GC invocations=6 (full 1):
 PSYoungGen      total 265728K, used 1518K [0x000000076ab00000, 0x0000000783b00000, 0x00000007c0000000)
  eden space 254976K, 0% used [0x000000076ab00000,0x000000076ab00000,0x000000077a400000)
  from space 10752K, 14% used [0x000000077a400000,0x000000077a57b890,0x000000077ae80000)
  to   space 24064K, 0% used [0x0000000782380000,0x0000000782380000,0x0000000783b00000)
 ParOldGen       total 108544K, used 17490K [0x00000006c0000000, 0x00000006c6a00000, 0x000000076ab00000)
  object space 108544K, 16% used [0x00000006c0000000,0x00000006c1114b88,0x00000006c6a00000)
 Metaspace       used 25125K, capacity 25563K, committed 25728K, reserved 1071104K
  class space    used 2990K, capacity 3096K, committed 3200K, reserved 1048576K
}
Event: 9.585 GC heap before
{Heap before GC invocations=7 (full 1):
 PSYoungGen      total 265728K, used 256494K [0x000000076ab00000, 0x0000000783b00000, 0x00000007c0000000)
  eden space 254976K, 100% used [0x000000076ab00000,0x000000077a400000,0x000000077a400000)
  from space 10752K, 14% used [0x000000077a400000,0x000000077a57b890,0x000000077ae80000)
  to   space 24064K, 0% used [0x0000000782380000,0x0000000782380000,0x0000000783b00000)
 ParOldGen       total 108544K, used 17490K [0x00000006c0000000, 0x00000006c6a00000, 0x000000076ab00000)
  object space 108544K, 16% used [0x00000006c0000000,0x00000006c1114b88,0x00000006c6a00000)
 Metaspace       used 25208K, capacity 25645K, committed 25984K, reserved 1073152K
  class space    used 2992K, capacity 3099K, committed 3200K, reserved 1048576K
Event: 9.591 GC heap after
Heap after GC invocations=7 (full 1):
 PSYoungGen      total 385536K, used 1486K [0x000000076ab00000, 0x0000000786400000, 0x00000007c0000000)
  eden space 361472K, 0% used [0x000000076ab00000,0x000000076ab00000,0x0000000780c00000)
  from space 24064K, 6% used [0x0000000782380000,0x00000007824f3890,0x0000000783b00000)
  to   space 24064K, 0% used [0x0000000780c00000,0x0000000780c00000,0x0000000782380000)
 ParOldGen       total 108544K, used 17490K [0x00000006c0000000, 0x00000006c6a00000, 0x000000076ab00000)
  object space 108544K, 16% used [0x00000006c0000000,0x00000006c1114b88,0x00000006c6a00000)
 Metaspace       used 25208K, capacity 25645K, committed 25984K, reserved 1073152K
  class space    used 2992K, capacity 3099K, committed 3200K, reserved 1048576K
}
Event: 12.140 GC heap before
{Heap before GC invocations=8 (full 1):
 PSYoungGen      total 385536K, used 362958K [0x000000076ab00000, 0x0000000786400000, 0x00000007c0000000)
  eden space 361472K, 100% used [0x000000076ab00000,0x0000000780c00000,0x0000000780c00000)
  from space 24064K, 6% used [0x0000000782380000,0x00000007824f3890,0x0000000783b00000)
  to   space 24064K, 0% used [0x0000000780c00000,0x0000000780c00000,0x0000000782380000)
 ParOldGen       total 108544K, used 17490K [0x00000006c0000000, 0x00000006c6a00000, 0x000000076ab00000)
  object space 108544K, 16% used [0x00000006c0000000,0x00000006c1114b88,0x00000006c6a00000)
 Metaspace       used 25358K, capacity 25811K, committed 25984K, reserved 1073152K
  class space    used 3005K, capacity 3132K, committed 3200K, reserved 1048576K
Event: 12.152 GC heap after
Heap after GC invocations=8 (full 1):
 PSYoungGen      total 385536K, used 1710K [0x000000076ab00000, 0x000000078f780000, 0x00000007c0000000)
  eden space 361472K, 0% used [0x000000076ab00000,0x000000076ab00000,0x0000000780c00000)
  from space 24064K, 7% used [0x0000000780c00000,0x0000000780dab890,0x0000000782380000)
  to   space 24064K, 0% used [0x000000078e000000,0x000000078e000000,0x000000078f780000)
 ParOldGen       total 108544K, used 17498K [0x00000006c0000000, 0x00000006c6a00000, 0x000000076ab00000)
  object space 108544K, 16% used [0x00000006c0000000,0x00000006c1116b88,0x00000006c6a00000)
 Metaspace       used 25358K, capacity 25811K, committed 25984K, reserved 1073152K
  class space    used 3005K, capacity 3132K, committed 3200K, reserved 1048576K
}
Event: 14.275 GC heap before
{Heap before GC invocations=9 (full 1):
 PSYoungGen      total 385536K, used 363182K [0x000000076ab00000, 0x000000078f780000, 0x00000007c0000000)
  eden space 361472K, 100% used [0x000000076ab00000,0x0000000780c00000,0x0000000780c00000)
  from space 24064K, 7% used [0x0000000780c00000,0x0000000780dab890,0x0000000782380000)
  to   space 24064K, 0% used [0x000000078e000000,0x000000078e000000,0x000000078f780000)
 ParOldGen       total 108544K, used 17498K [0x00000006c0000000, 0x00000006c6a00000, 0x000000076ab00000)
  object space 108544K, 16% used [0x00000006c0000000,0x00000006c1116b88,0x00000006c6a00000)
 Metaspace       used 25398K, capacity 25835K, committed 25984K, reserved 1073152K
  class space    used 3007K, capacity 3136K, committed 3200K, reserved 1048576K
Event: 14.283 GC heap after
Heap after GC invocations=9 (full 1):
 PSYoungGen      total 543744K, used 544K [0x000000076ab00000, 0x000000078e600000, 0x00000007c0000000)
  eden space 537600K, 0% used [0x000000076ab00000,0x000000076ab00000,0x000000078b800000)
  from space 6144K, 8% used [0x000000078e000000,0x000000078e088000,0x000000078e600000)
  to   space 23552K, 0% used [0x000000078b800000,0x000000078b800000,0x000000078cf00000)
 ParOldGen       total 108544K, used 18714K [0x00000006c0000000, 0x00000006c6a00000, 0x000000076ab00000)
  object space 108544K, 17% used [0x00000006c0000000,0x00000006c1246b80,0x00000006c6a00000)
 Metaspace       used 25398K, capacity 25835K, committed 25984K, reserved 1073152K
  class space    used 3007K, capacity 3136K, committed 3200K, reserved 1048576K
}

