# JRE version: OpenJDK Runtime Environment (8.0_382-b05) (build 1.8.0_382-b05)
# Java VM: OpenJDK 64-Bit Server VM (25.382-b05 mixed mode windows-amd64 compressed oops)
Heap:
 PSYoungGen      total 141824K, used 15972K [0x000000076b100000, 0x000000077c600000, 0x00000007c0000000)
  eden space 131072K, 12% used [0x000000076b100000,0x000000076c099168,0x0000000773100000)
  from space 10752K, 0% used [0x0000000773100000,0x0000000773100000,0x0000000773b80000)
  to   space 10752K, 0% used [0x000000077bb80000,0x000000077bb80000,0x000000077c600000)
 ParOldGen       total 136192K, used 17711K [0x00000006c1200000, 0x00000006c9700000, 0x000000076b100000)
  object space 136192K, 13% used [0x00000006c1200000,0x00000006c234bcc8,0x00000006c9700000)
 Metaspace       used 21931K, capacity 22194K, committed 22400K, reserved 1069056K
  class space    used 2760K, capacity 2859K, committed 2944K, reserved 1048576K
GC Heap History (8 events):
Event: 0.814 GC heap before
{Heap before GC invocations=1 (full 0):
 PSYoungGen      total 76288K, used 64993K [0x000000076b100000, 0x0000000770600000, 0x00000007c0000000)
  eden space 65536K, 99% used [0x000000076b100000,0x000000076f078668,0x000000076f100000)
  from space 10752K, 0% used [0x000000076fb80000,0x000000076fb80000,0x0000000770600000)
  to   space 10752K, 0% used [0x000000076f100000,0x000000076f100000,0x000000076fb80000)
 ParOldGen       total 175104K, used 0K [0x00000006c1200000, 0x00000006cbd00000, 0x000000076b100000)
  object space 175104K, 0% used [0x00000006c1200000,0x00000006c1200000,0x00000006cbd00000)
 Metaspace       used 10209K, capacity 10396K, committed 10624K, reserved 1058816K
  class space    used 1213K, capacity 1288K, committed 1408K, reserved 1048576K
Event: 0.823 GC heap after
Heap after GC invocations=1 (full 0):
 PSYoungGen      total 76288K, used 10741K [0x000000076b100000, 0x0000000774600000, 0x00000007c0000000)
  eden space 65536K, 0% used [0x000000076b100000,0x000000076b100000,0x000000076f100000)
  from space 10752K, 99% used [0x000000076f100000,0x000000076fb7d688,0x000000076fb80000)
  to   space 10752K, 0% used [0x0000000773b80000,0x0000000773b80000,0x0000000774600000)
 ParOldGen       total 175104K, used 2208K [0x00000006c1200000, 0x00000006cbd00000, 0x000000076b100000)
  object space 175104K, 1% used [0x00000006c1200000,0x00000006c1428048,0x00000006cbd00000)
 Metaspace       used 10209K, capacity 10396K, committed 10624K, reserved 1058816K
  class space    used 1213K, capacity 1288K, committed 1408K, reserved 1048576K
}
Event: 1.468 GC heap before
{Heap before GC invocations=2 (full 0):
 PSYoungGen      total 76288K, used 76277K [0x000000076b100000, 0x0000000774600000, 0x00000007c0000000)
  eden space 65536K, 100% used [0x000000076b100000,0x000000076f100000,0x000000076f100000)
  from space 10752K, 99% used [0x000000076f100000,0x000000076fb7d688,0x000000076fb80000)
  to   space 10752K, 0% used [0x0000000773b80000,0x0000000773b80000,0x0000000774600000)
 ParOldGen       total 175104K, used 2208K [0x00000006c1200000, 0x00000006cbd00000, 0x000000076b100000)
  object space 175104K, 1% used [0x00000006c1200000,0x00000006c1428048,0x00000006cbd00000)
 Metaspace       used 16683K, capacity 16862K, committed 17024K, reserved 1064960K
  class space    used 2071K, capacity 2131K, committed 2176K, reserved 1048576K
Event: 1.479 GC heap after
Heap after GC invocations=2 (full 0):
 PSYoungGen      total 141824K, used 10720K [0x000000076b100000, 0x0000000774600000, 0x00000007c0000000)
  eden space 131072K, 0% used [0x000000076b100000,0x000000076b100000,0x0000000773100000)
  from space 10752K, 99% used [0x0000000773b80000,0x00000007745f8030,0x0000000774600000)
  to   space 10752K, 0% used [0x0000000773100000,0x0000000773100000,0x0000000773b80000)
 ParOldGen       total 175104K, used 9409K [0x00000006c1200000, 0x00000006cbd00000, 0x000000076b100000)
  object space 175104K, 5% used [0x00000006c1200000,0x00000006c1b304f8,0x00000006cbd00000)
 Metaspace       used 16683K, capacity 16862K, committed 17024K, reserved 1064960K
  class space    used 2071K, capacity 2131K, committed 2176K, reserved 1048576K
}
Event: 2.352 GC heap before
{Heap before GC invocations=3 (full 0):
 PSYoungGen      total 141824K, used 57555K [0x000000076b100000, 0x0000000774600000, 0x00000007c0000000)
  eden space 131072K, 35% used [0x000000076b100000,0x000000076debcf70,0x0000000773100000)
  from space 10752K, 99% used [0x0000000773b80000,0x00000007745f8030,0x0000000774600000)
  to   space 10752K, 0% used [0x0000000773100000,0x0000000773100000,0x0000000773b80000)
 ParOldGen       total 175104K, used 9409K [0x00000006c1200000, 0x00000006cbd00000, 0x000000076b100000)
  object space 175104K, 5% used [0x00000006c1200000,0x00000006c1b304f8,0x00000006cbd00000)
 Metaspace       used 20844K, capacity 21082K, committed 21248K, reserved 1067008K
  class space    used 2640K, capacity 2727K, committed 2816K, reserved 1048576K
Event: 2.363 GC heap after
Heap after GC invocations=3 (full 0):
 PSYoungGen      total 141824K, used 10748K [0x000000076b100000, 0x000000077c600000, 0x00000007c0000000)
  eden space 131072K, 0% used [0x000000076b100000,0x000000076b100000,0x0000000773100000)
  from space 10752K, 99% used [0x0000000773100000,0x0000000773b7f248,0x0000000773b80000)
  to   space 10752K, 0% used [0x000000077bb80000,0x000000077bb80000,0x000000077c600000)
 ParOldGen       total 175104K, used 15504K [0x00000006c1200000, 0x00000006cbd00000, 0x000000076b100000)
  object space 175104K, 8% used [0x00000006c1200000,0x00000006c2124250,0x00000006cbd00000)
 Metaspace       used 20844K, capacity 21082K, committed 21248K, reserved 1067008K
  class space    used 2640K, capacity 2727K, committed 2816K, reserved 1048576K
}
Event: 2.363 GC heap before
{Heap before GC invocations=4 (full 1):
 PSYoungGen      total 141824K, used 10748K [0x000000076b100000, 0x000000077c600000, 0x00000007c0000000)
  eden space 131072K, 0% used [0x000000076b100000,0x000000076b100000,0x0000000773100000)
  from space 10752K, 99% used [0x0000000773100000,0x0000000773b7f248,0x0000000773b80000)
  to   space 10752K, 0% used [0x000000077bb80000,0x000000077bb80000,0x000000077c600000)
 ParOldGen       total 175104K, used 15504K [0x00000006c1200000, 0x00000006cbd00000, 0x000000076b100000)
  object space 175104K, 8% used [0x00000006c1200000,0x00000006c2124250,0x00000006cbd00000)
 Metaspace       used 20844K, capacity 21082K, committed 21248K, reserved 1067008K
  class space    used 2640K, capacity 2727K, committed 2816K, reserved 1048576K
Event: 2.430 GC heap after
Heap after GC invocations=4 (full 1):
 PSYoungGen      total 141824K, used 0K [0x000000076b100000, 0x000000077c600000, 0x00000007c0000000)
  eden space 131072K, 0% used [0x000000076b100000,0x000000076b100000,0x0000000773100000)
  from space 10752K, 0% used [0x0000000773100000,0x0000000773100000,0x0000000773b80000)
  to   space 10752K, 0% used [0x000000077bb80000,0x000000077bb80000,0x000000077c600000)
 ParOldGen       total 136192K, used 17711K [0x00000006c1200000, 0x00000006c9700000, 0x000000076b100000)
  object space 136192K, 13% used [0x00000006c1200000,0x00000006c234bcc8,0x00000006c9700000)
 Metaspace       used 20844K, capacity 21082K, committed 21248K, reserved 1067008K
  class space    used 2640K, capacity 2727K, committed 2816K, reserved 1048576K
}

