# JRE version: OpenJDK Runtime Environment (8.0_382-b05) (build 1.8.0_382-b05)
# Java VM: OpenJDK 64-Bit Server VM (25.382-b05 mixed mode bsd-amd64 compressed oops)
Heap:
 PSYoungGen      total 225280K, used 52828K [0x000000076ab00000, 0x000000077b900000, 0x00000007c0000000)
  eden space 221696K, 22% used [0x000000076ab00000,0x000000076db6eed0,0x0000000778380000)
  from space 3584K, 90% used [0x000000077b580000,0x000000077b8a81c0,0x000000077b900000)
  to   space 10752K, 0% used [0x000000077a400000,0x000000077a400000,0x000000077ae80000)
 ParOldGen       total 108544K, used 17515K [0x00000006c0000000, 0x00000006c6a00000, 0x000000076ab00000)
  object space 108544K, 16% used [0x00000006c0000000,0x00000006c111ace0,0x00000006c6a00000)
 Metaspace       used 25143K, capacity 25473K, committed 25728K, reserved 1071104K
  class space    used 2985K, capacity 3081K, committed 3200K, reserved 1048576K
GC Heap History (10 events):
Event: 0.882 GC heap before
{Heap before GC invocations=1 (full 0):
 PSYoungGen      total 76288K, used 65536K [0x000000076ab00000, 0x0000000770000000, 0x00000007c0000000)
  eden space 65536K, 100% used [0x000000076ab00000,0x000000076eb00000,0x000000076eb00000)
  from space 10752K, 0% used [0x000000076f580000,0x000000076f580000,0x0000000770000000)
  to   space 10752K, 0% used [0x000000076eb00000,0x000000076eb00000,0x000000076f580000)
 ParOldGen       total 175104K, used 0K [0x00000006c0000000, 0x00000006cab00000, 0x000000076ab00000)
  object space 175104K, 0% used [0x00000006c0000000,0x00000006c0000000,0x00000006cab00000)
 Metaspace       used 10218K, capacity 10396K, committed 10624K, reserved 1058816K
  class space    used 1216K, capacity 1288K, committed 1408K, reserved 1048576K
Event: 0.899 GC heap after
Heap after GC invocations=1 (full 0):
 PSYoungGen      total 76288K, used 10743K [0x000000076ab00000, 0x0000000774000000, 0x00000007c0000000)
  eden space 65536K, 0% used [0x000000076ab00000,0x000000076ab00000,0x000000076eb00000)
  from space 10752K, 99% used [0x000000076eb00000,0x000000076f57dda8,0x000000076f580000)
  to   space 10752K, 0% used [0x0000000773580000,0x0000000773580000,0x0000000774000000)
 ParOldGen       total 175104K, used 3772K [0x00000006c0000000, 0x00000006cab00000, 0x000000076ab00000)
  object space 175104K, 2% used [0x00000006c0000000,0x00000006c03af098,0x00000006cab00000)
 Metaspace       used 10218K, capacity 10396K, committed 10624K, reserved 1058816K
  class space    used 1216K, capacity 1288K, committed 1408K, reserved 1048576K
}
Event: 1.702 GC heap before
{Heap before GC invocations=2 (full 0):
 PSYoungGen      total 76288K, used 76279K [0x000000076ab00000, 0x0000000774000000, 0x00000007c0000000)
  eden space 65536K, 100% used [0x000000076ab00000,0x000000076eb00000,0x000000076eb00000)
  from space 10752K, 99% used [0x000000076eb00000,0x000000076f57dda8,0x000000076f580000)
  to   space 10752K, 0% used [0x0000000773580000,0x0000000773580000,0x0000000774000000)
 ParOldGen       total 175104K, used 3772K [0x00000006c0000000, 0x00000006cab00000, 0x000000076ab00000)
  object space 175104K, 2% used [0x00000006c0000000,0x00000006c03af098,0x00000006cab00000)
 Metaspace       used 17423K, capacity 17598K, committed 17920K, reserved 1064960K
  class space    used 2220K, capacity 2291K, committed 2304K, reserved 1048576K
Event: 1.728 GC heap after
Heap after GC invocations=2 (full 0):
 PSYoungGen      total 141824K, used 10742K [0x000000076ab00000, 0x0000000774000000, 0x00000007c0000000)
  eden space 131072K, 0% used [0x000000076ab00000,0x000000076ab00000,0x0000000772b00000)
  from space 10752K, 99% used [0x0000000773580000,0x0000000773ffdab0,0x0000000774000000)
  to   space 10752K, 0% used [0x0000000772b00000,0x0000000772b00000,0x0000000773580000)
 ParOldGen       total 175104K, used 11716K [0x00000006c0000000, 0x00000006cab00000, 0x000000076ab00000)
  object space 175104K, 6% used [0x00000006c0000000,0x00000006c0b71108,0x00000006cab00000)
 Metaspace       used 17423K, capacity 17598K, committed 17920K, reserved 1064960K
  class space    used 2220K, capacity 2291K, committed 2304K, reserved 1048576K
}
Event: 3.010 GC heap before
{Heap before GC invocations=3 (full 0):
 PSYoungGen      total 141824K, used 53154K [0x000000076ab00000, 0x0000000774000000, 0x00000007c0000000)
  eden space 131072K, 32% used [0x000000076ab00000,0x000000076d46b108,0x0000000772b00000)
  from space 10752K, 99% used [0x0000000773580000,0x0000000773ffdab0,0x0000000774000000)
  to   space 10752K, 0% used [0x0000000772b00000,0x0000000772b00000,0x0000000773580000)
 ParOldGen       total 175104K, used 11716K [0x00000006c0000000, 0x00000006cab00000, 0x000000076ab00000)
  object space 175104K, 6% used [0x00000006c0000000,0x00000006c0b71108,0x00000006cab00000)
 Metaspace       used 20864K, capacity 21100K, committed 21248K, reserved 1067008K
  class space    used 2649K, capacity 2730K, committed 2816K, reserved 1048576K
Event: 3.056 GC heap after
Heap after GC invocations=3 (full 0):
 PSYoungGen      total 141824K, used 10729K [0x000000076ab00000, 0x000000077c000000, 0x00000007c0000000)
  eden space 131072K, 0% used [0x000000076ab00000,0x000000076ab00000,0x0000000772b00000)
  from space 10752K, 99% used [0x0000000772b00000,0x000000077357a6f0,0x0000000773580000)
  to   space 10752K, 0% used [0x000000077b580000,0x000000077b580000,0x000000077c000000)
 ParOldGen       total 175104K, used 17295K [0x00000006c0000000, 0x00000006cab00000, 0x000000076ab00000)
  object space 175104K, 9% used [0x00000006c0000000,0x00000006c10e3ca8,0x00000006cab00000)
 Metaspace       used 20864K, capacity 21100K, committed 21248K, reserved 1067008K
  class space    used 2649K, capacity 2730K, committed 2816K, reserved 1048576K
}
Event: 3.056 GC heap before
{Heap before GC invocations=4 (full 1):
 PSYoungGen      total 141824K, used 10729K [0x000000076ab00000, 0x000000077c000000, 0x00000007c0000000)
  eden space 131072K, 0% used [0x000000076ab00000,0x000000076ab00000,0x0000000772b00000)
  from space 10752K, 99% used [0x0000000772b00000,0x000000077357a6f0,0x0000000773580000)
  to   space 10752K, 0% used [0x000000077b580000,0x000000077b580000,0x000000077c000000)
 ParOldGen       total 175104K, used 17295K [0x00000006c0000000, 0x00000006cab00000, 0x000000076ab00000)
  object space 175104K, 9% used [0x00000006c0000000,0x00000006c10e3ca8,0x00000006cab00000)
 Metaspace       used 20864K, capacity 21100K, committed 21248K, reserved 1067008K
  class space    used 2649K, capacity 2730K, committed 2816K, reserved 1048576K
Event: 3.087 GC heap after
Heap after GC invocations=4 (full 1):
 PSYoungGen      total 141824K, used 0K [0x000000076ab00000, 0x000000077c000000, 0x00000007c0000000)
  eden space 131072K, 0% used [0x000000076ab00000,0x000000076ab00000,0x0000000772b00000)
  from space 10752K, 0% used [0x0000000772b00000,0x0000000772b00000,0x0000000773580000)
  to   space 10752K, 0% used [0x000000077b580000,0x000000077b580000,0x000000077c000000)
 ParOldGen       total 108544K, used 17507K [0x00000006c0000000, 0x00000006c6a00000, 0x000000076ab00000)
  object space 108544K, 16% used [0x00000006c0000000,0x00000006c1118ce0,0x00000006c6a00000)
 Metaspace       used 20864K, capacity 21100K, committed 21248K, reserved 1067008K
  class space    used 2649K, capacity 2730K, committed 2816K, reserved 1048576K
}
Event: 6.471 GC heap before
{Heap before GC invocations=5 (full 1):
 PSYoungGen      total 141824K, used 131072K [0x000000076ab00000, 0x000000077c000000, 0x00000007c0000000)
  eden space 131072K, 100% used [0x000000076ab00000,0x0000000772b00000,0x0000000772b00000)
  from space 10752K, 0% used [0x0000000772b00000,0x0000000772b00000,0x0000000773580000)
  to   space 10752K, 0% used [0x000000077b580000,0x000000077b580000,0x000000077c000000)
 ParOldGen       total 108544K, used 17507K [0x00000006c0000000, 0x00000006c6a00000, 0x000000076ab00000)
  object space 108544K, 16% used [0x00000006c0000000,0x00000006c1118ce0,0x00000006c6a00000)
 Metaspace       used 25106K, capacity 25473K, committed 25728K, reserved 1071104K
  class space    used 2984K, capacity 3081K, committed 3200K, reserved 1048576K
Event: 6.479 GC heap after
Heap after GC invocations=5 (full 1):
 PSYoungGen      total 225280K, used 3232K [0x000000076ab00000, 0x000000077b900000, 0x00000007c0000000)
  eden space 221696K, 0% used [0x000000076ab00000,0x000000076ab00000,0x0000000778380000)
  from space 3584K, 90% used [0x000000077b580000,0x000000077b8a81c0,0x000000077b900000)
  to   space 10752K, 0% used [0x000000077a400000,0x000000077a400000,0x000000077ae80000)
 ParOldGen       total 108544K, used 17515K [0x00000006c0000000, 0x00000006c6a00000, 0x000000076ab00000)
  object space 108544K, 16% used [0x00000006c0000000,0x00000006c111ace0,0x00000006c6a00000)
 Metaspace       used 25106K, capacity 25473K, committed 25728K, reserved 1071104K
  class space    used 2984K, capacity 3081K, committed 3200K, reserved 1048576K
}

